<?xml version="1.0" encoding="UTF-8"?>
<!-- Generated by org.testng.reporters.JUnitXMLReporter -->
<testsuite ignored="0" hostname="LAPTOP-VLLNHLMJ" failures="0" tests="9" name="Default test" time="105.03" errors="0" timestamp="2025-05-02T16:05:22 GMT+03:00">
  <testcase classname="mosafer.Almosafer" name="CheckTheLanguage" time="0.165"/>
  <testcase classname="mosafer.Almosafer" name="CheckTheCurrency" time="0.096"/>
  <testcase classname="mosafer.Almosafer" name="CheckTheContactNumber" time="0.059"/>
  <testcase classname="mosafer.Almosafer" name="CheckqitafLogo" time="0.127"/>
  <testcase classname="mosafer.Almosafer" name="CheckHotelTabIsNotSelectedByDefault" time="0.104"/>
  <testcase classname="mosafer.Almosafer" name="CheckDepatureDate" time="0.05"/>
  <testcase classname="mosafer.Almosafer" name="CheckReturnDate" time="0.048"/>
  <testcase classname="mosafer.Almosafer" name="RandomlyChangeTheLanguage_And_Random_Ar_Or_En_Cities" time="91.453"/>
  <testcase classname="mosafer.Almosafer" name="CheckThatTheNewSearchPageIsFullyLoaded" time="0.047"/>
</testsuite> <!-- Default test -->
